<?xml version="1.0" encoding="UTF-8"?>
<testsuites>
  <testsuite name="" tests="74" assertions="682" errors="0" failures="0" skipped="0" time="0.100814">
    <testsuite name="all" tests="74" assertions="682" errors="0" failures="0" skipped="0" time="0.100814">
      <testsuite name="App\Entity\BookTest" file="/home/albin/dbwebb-kurser/mvc/me/report/tests/Book/BookTest.php" tests="6" assertions="10" errors="0" failures="0" skipped="0" time="0.018847">
        <testcase name="testCreateBook" file="/home/albin/dbwebb-kurser/mvc/me/report/tests/Book/BookTest.php" line="12" class="App\Entity\BookTest" classname="App.Entity.BookTest" assertions="1" time="0.014944"/>
        <testcase name="testId" file="/home/albin/dbwebb-kurser/mvc/me/report/tests/Book/BookTest.php" line="18" class="App\Entity\BookTest" classname="App.Entity.BookTest" assertions="1" time="0.000921"/>
        <testcase name="testTitle" file="/home/albin/dbwebb-kurser/mvc/me/report/tests/Book/BookTest.php" line="25" class="App\Entity\BookTest" classname="App.Entity.BookTest" assertions="2" time="0.000793"/>
        <testcase name="testGetSetISbn" file="/home/albin/dbwebb-kurser/mvc/me/report/tests/Book/BookTest.php" line="35" class="App\Entity\BookTest" classname="App.Entity.BookTest" assertions="2" time="0.000726"/>
        <testcase name="testGetSetAuthor" file="/home/albin/dbwebb-kurser/mvc/me/report/tests/Book/BookTest.php" line="45" class="App\Entity\BookTest" classname="App.Entity.BookTest" assertions="2" time="0.000733"/>
        <testcase name="testGetSetImg" file="/home/albin/dbwebb-kurser/mvc/me/report/tests/Book/BookTest.php" line="55" class="App\Entity\BookTest" classname="App.Entity.BookTest" assertions="2" time="0.000730"/>
      </testsuite>
      <testsuite name="App\Card\BlackjackHandTest" file="/home/albin/dbwebb-kurser/mvc/me/report/tests/Card/BlackjackHandTest.php" tests="5" assertions="6" errors="0" failures="0" skipped="0" time="0.005266">
        <testcase name="testCreateBlackjackHand" file="/home/albin/dbwebb-kurser/mvc/me/report/tests/Card/BlackjackHandTest.php" line="12" class="App\Card\BlackjackHandTest" classname="App.Card.BlackjackHandTest" assertions="1" time="0.001064"/>
        <testcase name="testPlayerWon" file="/home/albin/dbwebb-kurser/mvc/me/report/tests/Card/BlackjackHandTest.php" line="27" class="App\Card\BlackjackHandTest" classname="App.Card.BlackjackHandTest" assertions="1" time="0.001242"/>
        <testcase name="testLowerPoints" file="/home/albin/dbwebb-kurser/mvc/me/report/tests/Card/BlackjackHandTest.php" line="53" class="App\Card\BlackjackHandTest" classname="App.Card.BlackjackHandTest" assertions="2" time="0.000934"/>
        <testcase name="testGetHand" file="/home/albin/dbwebb-kurser/mvc/me/report/tests/Card/BlackjackHandTest.php" line="68" class="App\Card\BlackjackHandTest" classname="App.Card.BlackjackHandTest" assertions="1" time="0.000840"/>
        <testcase name="testMerge" file="/home/albin/dbwebb-kurser/mvc/me/report/tests/Card/BlackjackHandTest.php" line="84" class="App\Card\BlackjackHandTest" classname="App.Card.BlackjackHandTest" assertions="1" time="0.001186"/>
      </testsuite>
      <testsuite name="App\Card\CardGraphicTest" file="/home/albin/dbwebb-kurser/mvc/me/report/tests/Card/CardGraphicTest.php" tests="3" assertions="7" errors="0" failures="0" skipped="0" time="0.002445">
        <testcase name="testCreateCardGraphic" file="/home/albin/dbwebb-kurser/mvc/me/report/tests/Card/CardGraphicTest.php" line="12" class="App\Card\CardGraphicTest" classname="App.Card.CardGraphicTest" assertions="1" time="0.000770"/>
        <testcase name="testSetStyle" file="/home/albin/dbwebb-kurser/mvc/me/report/tests/Card/CardGraphicTest.php" line="18" class="App\Card\CardGraphicTest" classname="App.Card.CardGraphicTest" assertions="3" time="0.000800"/>
        <testcase name="testShowCard" file="/home/albin/dbwebb-kurser/mvc/me/report/tests/Card/CardGraphicTest.php" line="34" class="App\Card\CardGraphicTest" classname="App.Card.CardGraphicTest" assertions="3" time="0.000875"/>
      </testsuite>
      <testsuite name="App\Card\CardHandTest" file="/home/albin/dbwebb-kurser/mvc/me/report/tests/Card/CardHandTest.php" tests="3" assertions="21" errors="0" failures="0" skipped="0" time="0.002725">
        <testcase name="testCreateCardGraphic" file="/home/albin/dbwebb-kurser/mvc/me/report/tests/Card/CardHandTest.php" line="12" class="App\Card\CardHandTest" classname="App.Card.CardHandTest" assertions="1" time="0.000769"/>
        <testcase name="testAddCards" file="/home/albin/dbwebb-kurser/mvc/me/report/tests/Card/CardHandTest.php" line="19" class="App\Card\CardHandTest" classname="App.Card.CardHandTest" assertions="19" time="0.001076"/>
        <testcase name="testGetSum" file="/home/albin/dbwebb-kurser/mvc/me/report/tests/Card/CardHandTest.php" line="43" class="App\Card\CardHandTest" classname="App.Card.CardHandTest" assertions="1" time="0.000880"/>
      </testsuite>
      <testsuite name="App\Card\CardTest" file="/home/albin/dbwebb-kurser/mvc/me/report/tests/Card/CardTest.php" tests="4" assertions="7" errors="0" failures="0" skipped="0" time="0.003048">
        <testcase name="testCreateCard" file="/home/albin/dbwebb-kurser/mvc/me/report/tests/Card/CardTest.php" line="12" class="App\Card\CardTest" classname="App.Card.CardTest" assertions="1" time="0.000744"/>
        <testcase name="testSetValue" file="/home/albin/dbwebb-kurser/mvc/me/report/tests/Card/CardTest.php" line="19" class="App\Card\CardTest" classname="App.Card.CardTest" assertions="2" time="0.000781"/>
        <testcase name="testSetType" file="/home/albin/dbwebb-kurser/mvc/me/report/tests/Card/CardTest.php" line="29" class="App\Card\CardTest" classname="App.Card.CardTest" assertions="2" time="0.000764"/>
        <testcase name="testShowCard" file="/home/albin/dbwebb-kurser/mvc/me/report/tests/Card/CardTest.php" line="39" class="App\Card\CardTest" classname="App.Card.CardTest" assertions="2" time="0.000760"/>
      </testsuite>
      <testsuite name="App\Card\DeckOfCardsTest" file="/home/albin/dbwebb-kurser/mvc/me/report/tests/Card/DeckOfCardsTest.php" tests="5" assertions="267" errors="0" failures="0" skipped="0" time="0.010961">
        <testcase name="testCreateDeckOfCards" file="/home/albin/dbwebb-kurser/mvc/me/report/tests/Card/DeckOfCardsTest.php" line="12" class="App\Card\DeckOfCardsTest" classname="App.Card.DeckOfCardsTest" assertions="1" time="0.001048"/>
        <testcase name="testSetupDeck" file="/home/albin/dbwebb-kurser/mvc/me/report/tests/Card/DeckOfCardsTest.php" line="18" class="App\Card\DeckOfCardsTest" classname="App.Card.DeckOfCardsTest" assertions="261" time="0.004357"/>
        <testcase name="testRecreateDeck" file="/home/albin/dbwebb-kurser/mvc/me/report/tests/Card/DeckOfCardsTest.php" line="52" class="App\Card\DeckOfCardsTest" classname="App.Card.DeckOfCardsTest" assertions="3" time="0.002233"/>
        <testcase name="testShuffleDeck" file="/home/albin/dbwebb-kurser/mvc/me/report/tests/Card/DeckOfCardsTest.php" line="71" class="App\Card\DeckOfCardsTest" classname="App.Card.DeckOfCardsTest" assertions="1" time="0.001892"/>
        <testcase name="testDrawCard" file="/home/albin/dbwebb-kurser/mvc/me/report/tests/Card/DeckOfCardsTest.php" line="81" class="App\Card\DeckOfCardsTest" classname="App.Card.DeckOfCardsTest" assertions="1" time="0.001431"/>
      </testsuite>
      <testsuite name="App\Game\BankTest" file="/home/albin/dbwebb-kurser/mvc/me/report/tests/Game/BankTest.php" tests="2" assertions="4" errors="0" failures="0" skipped="0" time="0.002022">
        <testcase name="testCreateBank" file="/home/albin/dbwebb-kurser/mvc/me/report/tests/Game/BankTest.php" line="15" class="App\Game\BankTest" classname="App.Game.BankTest" assertions="1" time="0.000903"/>
        <testcase name="testCanIDraw" file="/home/albin/dbwebb-kurser/mvc/me/report/tests/Game/BankTest.php" line="22" class="App\Game\BankTest" classname="App.Game.BankTest" assertions="3" time="0.001119"/>
      </testsuite>
      <testsuite name="App\Game\PlayerTest" file="/home/albin/dbwebb-kurser/mvc/me/report/tests/Game/PlayerTest.php" tests="3" assertions="9" errors="0" failures="0" skipped="0" time="0.003058">
        <testcase name="testCreatePlayer" file="/home/albin/dbwebb-kurser/mvc/me/report/tests/Game/PlayerTest.php" line="15" class="App\Game\PlayerTest" classname="App.Game.PlayerTest" assertions="1" time="0.001006"/>
        <testcase name="testDraw" file="/home/albin/dbwebb-kurser/mvc/me/report/tests/Game/PlayerTest.php" line="22" class="App\Game\PlayerTest" classname="App.Game.PlayerTest" assertions="3" time="0.000839"/>
        <testcase name="testPlayerWon" file="/home/albin/dbwebb-kurser/mvc/me/report/tests/Game/PlayerTest.php" line="42" class="App\Game\PlayerTest" classname="App.Game.PlayerTest" assertions="5" time="0.001213"/>
      </testsuite>
      <testsuite name="App\Project\ProjectCardTest" file="/home/albin/dbwebb-kurser/mvc/me/report/tests/Project/ProjectCardTest.php" tests="5" assertions="11" errors="0" failures="0" skipped="0" time="0.004204">
        <testcase name="testStringConstruct" file="/home/albin/dbwebb-kurser/mvc/me/report/tests/Project/ProjectCardTest.php" line="12" class="App\Project\ProjectCardTest" classname="App.Project.ProjectCardTest" assertions="6" time="0.001098"/>
        <testcase name="testCreateCard" file="/home/albin/dbwebb-kurser/mvc/me/report/tests/Project/ProjectCardTest.php" line="24" class="App\Project\ProjectCardTest" classname="App.Project.ProjectCardTest" assertions="1" time="0.000778"/>
        <testcase name="testGetValue" file="/home/albin/dbwebb-kurser/mvc/me/report/tests/Project/ProjectCardTest.php" line="30" class="App\Project\ProjectCardTest" classname="App.Project.ProjectCardTest" assertions="1" time="0.000770"/>
        <testcase name="testGetType" file="/home/albin/dbwebb-kurser/mvc/me/report/tests/Project/ProjectCardTest.php" line="37" class="App\Project\ProjectCardTest" classname="App.Project.ProjectCardTest" assertions="1" time="0.000769"/>
        <testcase name="testGetAll" file="/home/albin/dbwebb-kurser/mvc/me/report/tests/Project/ProjectCardTest.php" line="44" class="App\Project\ProjectCardTest" classname="App.Project.ProjectCardTest" assertions="2" time="0.000789"/>
      </testsuite>
      <testsuite name="App\Project\ProjectDeckTest" file="/home/albin/dbwebb-kurser/mvc/me/report/tests/Project/ProjectDeckTest.php" tests="6" assertions="269" errors="0" failures="0" skipped="0" time="0.011709">
        <testcase name="testCreateDeckOfCards" file="/home/albin/dbwebb-kurser/mvc/me/report/tests/Project/ProjectDeckTest.php" line="10" class="App\Project\ProjectDeckTest" classname="App.Project.ProjectDeckTest" assertions="1" time="0.001038"/>
        <testcase name="testSetupDeck" file="/home/albin/dbwebb-kurser/mvc/me/report/tests/Project/ProjectDeckTest.php" line="16" class="App\Project\ProjectDeckTest" classname="App.Project.ProjectDeckTest" assertions="261" time="0.004603"/>
        <testcase name="testRecreateDeck" file="/home/albin/dbwebb-kurser/mvc/me/report/tests/Project/ProjectDeckTest.php" line="50" class="App\Project\ProjectDeckTest" classname="App.Project.ProjectDeckTest" assertions="3" time="0.001447"/>
        <testcase name="testRemoveNotExist" file="/home/albin/dbwebb-kurser/mvc/me/report/tests/Project/ProjectDeckTest.php" line="66" class="App\Project\ProjectDeckTest" classname="App.Project.ProjectDeckTest" assertions="1" time="0.000838"/>
        <testcase name="testShuffleDeck" file="/home/albin/dbwebb-kurser/mvc/me/report/tests/Project/ProjectDeckTest.php" line="72" class="App\Project\ProjectDeckTest" classname="App.Project.ProjectDeckTest" assertions="1" time="0.002167"/>
        <testcase name="testDrawCard" file="/home/albin/dbwebb-kurser/mvc/me/report/tests/Project/ProjectDeckTest.php" line="82" class="App\Project\ProjectDeckTest" classname="App.Project.ProjectDeckTest" assertions="2" time="0.001617"/>
      </testsuite>
      <testsuite name="App\Project\ProjectFiveHandRulesTest" file="/home/albin/dbwebb-kurser/mvc/me/report/tests/Project/ProjectFiveHandRulesTest.php" tests="22" assertions="25" errors="0" failures="0" skipped="0" time="0.026765">
        <testcase name="testFiveHandRule" file="/home/albin/dbwebb-kurser/mvc/me/report/tests/Project/ProjectFiveHandRulesTest.php" line="9" class="App\Project\ProjectFiveHandRulesTest" classname="App.Project.ProjectFiveHandRulesTest" assertions="1" time="0.001553"/>
        <testcase name="testPair" file="/home/albin/dbwebb-kurser/mvc/me/report/tests/Project/ProjectFiveHandRulesTest.php" line="27" class="App\Project\ProjectFiveHandRulesTest" classname="App.Project.ProjectFiveHandRulesTest" assertions="1" time="0.001064"/>
        <testcase name="testTwoPair" file="/home/albin/dbwebb-kurser/mvc/me/report/tests/Project/ProjectFiveHandRulesTest.php" line="41" class="App\Project\ProjectFiveHandRulesTest" classname="App.Project.ProjectFiveHandRulesTest" assertions="1" time="0.001054"/>
        <testcase name="testThreeOfAKind" file="/home/albin/dbwebb-kurser/mvc/me/report/tests/Project/ProjectFiveHandRulesTest.php" line="55" class="App\Project\ProjectFiveHandRulesTest" classname="App.Project.ProjectFiveHandRulesTest" assertions="1" time="0.001071"/>
        <testcase name="testFourOfAKind" file="/home/albin/dbwebb-kurser/mvc/me/report/tests/Project/ProjectFiveHandRulesTest.php" line="69" class="App\Project\ProjectFiveHandRulesTest" classname="App.Project.ProjectFiveHandRulesTest" assertions="1" time="0.001031"/>
        <testcase name="testStraight" file="/home/albin/dbwebb-kurser/mvc/me/report/tests/Project/ProjectFiveHandRulesTest.php" line="83" class="App\Project\ProjectFiveHandRulesTest" classname="App.Project.ProjectFiveHandRulesTest" assertions="1" time="0.001091"/>
        <testcase name="testMiddleStraight" file="/home/albin/dbwebb-kurser/mvc/me/report/tests/Project/ProjectFiveHandRulesTest.php" line="97" class="App\Project\ProjectFiveHandRulesTest" classname="App.Project.ProjectFiveHandRulesTest" assertions="1" time="0.001095"/>
        <testcase name="testHighStraight" file="/home/albin/dbwebb-kurser/mvc/me/report/tests/Project/ProjectFiveHandRulesTest.php" line="111" class="App\Project\ProjectFiveHandRulesTest" classname="App.Project.ProjectFiveHandRulesTest" assertions="1" time="0.001098"/>
        <testcase name="testFlush" file="/home/albin/dbwebb-kurser/mvc/me/report/tests/Project/ProjectFiveHandRulesTest.php" line="125" class="App\Project\ProjectFiveHandRulesTest" classname="App.Project.ProjectFiveHandRulesTest" assertions="1" time="0.001092"/>
        <testcase name="testStraightFlush" file="/home/albin/dbwebb-kurser/mvc/me/report/tests/Project/ProjectFiveHandRulesTest.php" line="139" class="App\Project\ProjectFiveHandRulesTest" classname="App.Project.ProjectFiveHandRulesTest" assertions="1" time="0.001139"/>
        <testcase name="testMiddleFlush" file="/home/albin/dbwebb-kurser/mvc/me/report/tests/Project/ProjectFiveHandRulesTest.php" line="153" class="App\Project\ProjectFiveHandRulesTest" classname="App.Project.ProjectFiveHandRulesTest" assertions="1" time="0.001101"/>
        <testcase name="testRoyalFlush" file="/home/albin/dbwebb-kurser/mvc/me/report/tests/Project/ProjectFiveHandRulesTest.php" line="167" class="App\Project\ProjectFiveHandRulesTest" classname="App.Project.ProjectFiveHandRulesTest" assertions="1" time="0.001053"/>
        <testcase name="testFullHouse" file="/home/albin/dbwebb-kurser/mvc/me/report/tests/Project/ProjectFiveHandRulesTest.php" line="181" class="App\Project\ProjectFiveHandRulesTest" classname="App.Project.ProjectFiveHandRulesTest" assertions="1" time="0.001024"/>
        <testcase name="testNoPointsHighCard" file="/home/albin/dbwebb-kurser/mvc/me/report/tests/Project/ProjectFiveHandRulesTest.php" line="195" class="App\Project\ProjectFiveHandRulesTest" classname="App.Project.ProjectFiveHandRulesTest" assertions="1" time="0.001255"/>
        <testcase name="testPairHighCard" file="/home/albin/dbwebb-kurser/mvc/me/report/tests/Project/ProjectFiveHandRulesTest.php" line="211" class="App\Project\ProjectFiveHandRulesTest" classname="App.Project.ProjectFiveHandRulesTest" assertions="1" time="0.001251"/>
        <testcase name="testThreeOfAKindHighCard" file="/home/albin/dbwebb-kurser/mvc/me/report/tests/Project/ProjectFiveHandRulesTest.php" line="228" class="App\Project\ProjectFiveHandRulesTest" classname="App.Project.ProjectFiveHandRulesTest" assertions="1" time="0.001401"/>
        <testcase name="testFourOfAKindHighCard" file="/home/albin/dbwebb-kurser/mvc/me/report/tests/Project/ProjectFiveHandRulesTest.php" line="246" class="App\Project\ProjectFiveHandRulesTest" classname="App.Project.ProjectFiveHandRulesTest" assertions="1" time="0.001389"/>
        <testcase name="testFourOfAKindHighCardLowCardLast" file="/home/albin/dbwebb-kurser/mvc/me/report/tests/Project/ProjectFiveHandRulesTest.php" line="265" class="App\Project\ProjectFiveHandRulesTest" classname="App.Project.ProjectFiveHandRulesTest" assertions="1" time="0.001395"/>
        <testcase name="testStraightHighCard" file="/home/albin/dbwebb-kurser/mvc/me/report/tests/Project/ProjectFiveHandRulesTest.php" line="284" class="App\Project\ProjectFiveHandRulesTest" classname="App.Project.ProjectFiveHandRulesTest" assertions="1" time="0.001738"/>
        <testcase name="testWinnerPairs" file="/home/albin/dbwebb-kurser/mvc/me/report/tests/Project/ProjectFiveHandRulesTest.php" line="304" class="App\Project\ProjectFiveHandRulesTest" classname="App.Project.ProjectFiveHandRulesTest" assertions="2" time="0.001267"/>
        <testcase name="testWinnerDifferentRules" file="/home/albin/dbwebb-kurser/mvc/me/report/tests/Project/ProjectFiveHandRulesTest.php" line="328" class="App\Project\ProjectFiveHandRulesTest" classname="App.Project.ProjectFiveHandRulesTest" assertions="2" time="0.001337"/>
        <testcase name="testWinnerSameRuleDifferentValues" file="/home/albin/dbwebb-kurser/mvc/me/report/tests/Project/ProjectFiveHandRulesTest.php" line="353" class="App\Project\ProjectFiveHandRulesTest" classname="App.Project.ProjectFiveHandRulesTest" assertions="2" time="0.001266"/>
      </testsuite>
      <testsuite name="App\Project\ProjectHandTest" file="/home/albin/dbwebb-kurser/mvc/me/report/tests/Project/ProjectHandTest.php" tests="5" assertions="34" errors="0" failures="0" skipped="0" time="0.005300">
        <testcase name="testCreateVisualCard" file="/home/albin/dbwebb-kurser/mvc/me/report/tests/Project/ProjectHandTest.php" line="12" class="App\Project\ProjectHandTest" classname="App.Project.ProjectHandTest" assertions="1" time="0.000830"/>
        <testcase name="testAddCards" file="/home/albin/dbwebb-kurser/mvc/me/report/tests/Project/ProjectHandTest.php" line="19" class="App\Project\ProjectHandTest" classname="App.Project.ProjectHandTest" assertions="19" time="0.001149"/>
        <testcase name="testRemoveCard" file="/home/albin/dbwebb-kurser/mvc/me/report/tests/Project/ProjectHandTest.php" line="40" class="App\Project\ProjectHandTest" classname="App.Project.ProjectHandTest" assertions="2" time="0.000883"/>
        <testcase name="testRemoveJackCard" file="/home/albin/dbwebb-kurser/mvc/me/report/tests/Project/ProjectHandTest.php" line="51" class="App\Project\ProjectHandTest" classname="App.Project.ProjectHandTest" assertions="2" time="0.000925"/>
        <testcase name="testSortCards" file="/home/albin/dbwebb-kurser/mvc/me/report/tests/Project/ProjectHandTest.php" line="62" class="App\Project\ProjectHandTest" classname="App.Project.ProjectHandTest" assertions="10" time="0.001513"/>
      </testsuite>
      <testsuite name="App\Project\VisualCardTest" file="/home/albin/dbwebb-kurser/mvc/me/report/tests/Project/VisualCardTest.php" tests="5" assertions="12" errors="0" failures="0" skipped="0" time="0.004464">
        <testcase name="testStringConstruct" file="/home/albin/dbwebb-kurser/mvc/me/report/tests/Project/VisualCardTest.php" line="12" class="App\Project\VisualCardTest" classname="App.Project.VisualCardTest" assertions="6" time="0.000995"/>
        <testcase name="testCreateCardGraphic" file="/home/albin/dbwebb-kurser/mvc/me/report/tests/Project/VisualCardTest.php" line="24" class="App\Project\VisualCardTest" classname="App.Project.VisualCardTest" assertions="1" time="0.000888"/>
        <testcase name="testSetStyle" file="/home/albin/dbwebb-kurser/mvc/me/report/tests/Project/VisualCardTest.php" line="30" class="App\Project\VisualCardTest" classname="App.Project.VisualCardTest" assertions="1" time="0.000889"/>
        <testcase name="testGetAll" file="/home/albin/dbwebb-kurser/mvc/me/report/tests/Project/VisualCardTest.php" line="36" class="App\Project\VisualCardTest" classname="App.Project.VisualCardTest" assertions="3" time="0.000860"/>
        <testcase name="testGetAsString" file="/home/albin/dbwebb-kurser/mvc/me/report/tests/Project/VisualCardTest.php" line="45" class="App\Project\VisualCardTest" classname="App.Project.VisualCardTest" assertions="1" time="0.000831"/>
      </testsuite>
    </testsuite>
  </testsuite>
</testsuites>
