<?xml version="1.0" encoding="UTF-8"?>
<testsuites>
  <testsuite name="" tests="75" assertions="683" errors="0" failures="1" skipped="0" time="0.106776">
    <testsuite name="all" tests="75" assertions="683" errors="0" failures="1" skipped="0" time="0.106776">
      <testsuite name="App\Entity\BookTest" file="/home/albin/dbwebb-kurser/mvc/me/report/tests/Book/BookTest.php" tests="6" assertions="10" errors="0" failures="0" skipped="0" time="0.020360">
        <testcase name="testCreateBook" file="/home/albin/dbwebb-kurser/mvc/me/report/tests/Book/BookTest.php" line="12" class="App\Entity\BookTest" classname="App.Entity.BookTest" assertions="1" time="0.016232"/>
        <testcase name="testId" file="/home/albin/dbwebb-kurser/mvc/me/report/tests/Book/BookTest.php" line="18" class="App\Entity\BookTest" classname="App.Entity.BookTest" assertions="1" time="0.000968"/>
        <testcase name="testTitle" file="/home/albin/dbwebb-kurser/mvc/me/report/tests/Book/BookTest.php" line="25" class="App\Entity\BookTest" classname="App.Entity.BookTest" assertions="2" time="0.000862"/>
        <testcase name="testGetSetISbn" file="/home/albin/dbwebb-kurser/mvc/me/report/tests/Book/BookTest.php" line="35" class="App\Entity\BookTest" classname="App.Entity.BookTest" assertions="2" time="0.000735"/>
        <testcase name="testGetSetAuthor" file="/home/albin/dbwebb-kurser/mvc/me/report/tests/Book/BookTest.php" line="45" class="App\Entity\BookTest" classname="App.Entity.BookTest" assertions="2" time="0.000771"/>
        <testcase name="testGetSetImg" file="/home/albin/dbwebb-kurser/mvc/me/report/tests/Book/BookTest.php" line="55" class="App\Entity\BookTest" classname="App.Entity.BookTest" assertions="2" time="0.000793"/>
      </testsuite>
      <testsuite name="App\Card\BlackjackHandTest" file="/home/albin/dbwebb-kurser/mvc/me/report/tests/Card/BlackjackHandTest.php" tests="5" assertions="6" errors="0" failures="0" skipped="0" time="0.005430">
        <testcase name="testCreateBlackjackHand" file="/home/albin/dbwebb-kurser/mvc/me/report/tests/Card/BlackjackHandTest.php" line="12" class="App\Card\BlackjackHandTest" classname="App.Card.BlackjackHandTest" assertions="1" time="0.001066"/>
        <testcase name="testPlayerWon" file="/home/albin/dbwebb-kurser/mvc/me/report/tests/Card/BlackjackHandTest.php" line="27" class="App\Card\BlackjackHandTest" classname="App.Card.BlackjackHandTest" assertions="1" time="0.001355"/>
        <testcase name="testLowerPoints" file="/home/albin/dbwebb-kurser/mvc/me/report/tests/Card/BlackjackHandTest.php" line="53" class="App\Card\BlackjackHandTest" classname="App.Card.BlackjackHandTest" assertions="2" time="0.000943"/>
        <testcase name="testGetHand" file="/home/albin/dbwebb-kurser/mvc/me/report/tests/Card/BlackjackHandTest.php" line="68" class="App\Card\BlackjackHandTest" classname="App.Card.BlackjackHandTest" assertions="1" time="0.000861"/>
        <testcase name="testMerge" file="/home/albin/dbwebb-kurser/mvc/me/report/tests/Card/BlackjackHandTest.php" line="84" class="App\Card\BlackjackHandTest" classname="App.Card.BlackjackHandTest" assertions="1" time="0.001205"/>
      </testsuite>
      <testsuite name="App\Card\CardGraphicTest" file="/home/albin/dbwebb-kurser/mvc/me/report/tests/Card/CardGraphicTest.php" tests="3" assertions="7" errors="0" failures="0" skipped="0" time="0.002589">
        <testcase name="testCreateCardGraphic" file="/home/albin/dbwebb-kurser/mvc/me/report/tests/Card/CardGraphicTest.php" line="12" class="App\Card\CardGraphicTest" classname="App.Card.CardGraphicTest" assertions="1" time="0.000827"/>
        <testcase name="testSetStyle" file="/home/albin/dbwebb-kurser/mvc/me/report/tests/Card/CardGraphicTest.php" line="18" class="App\Card\CardGraphicTest" classname="App.Card.CardGraphicTest" assertions="3" time="0.000864"/>
        <testcase name="testShowCard" file="/home/albin/dbwebb-kurser/mvc/me/report/tests/Card/CardGraphicTest.php" line="34" class="App\Card\CardGraphicTest" classname="App.Card.CardGraphicTest" assertions="3" time="0.000898"/>
      </testsuite>
      <testsuite name="App\Card\CardHandTest" file="/home/albin/dbwebb-kurser/mvc/me/report/tests/Card/CardHandTest.php" tests="3" assertions="21" errors="0" failures="0" skipped="0" time="0.002840">
        <testcase name="testCreateCardGraphic" file="/home/albin/dbwebb-kurser/mvc/me/report/tests/Card/CardHandTest.php" line="12" class="App\Card\CardHandTest" classname="App.Card.CardHandTest" assertions="1" time="0.000764"/>
        <testcase name="testAddCards" file="/home/albin/dbwebb-kurser/mvc/me/report/tests/Card/CardHandTest.php" line="19" class="App\Card\CardHandTest" classname="App.Card.CardHandTest" assertions="19" time="0.001155"/>
        <testcase name="testGetSum" file="/home/albin/dbwebb-kurser/mvc/me/report/tests/Card/CardHandTest.php" line="43" class="App\Card\CardHandTest" classname="App.Card.CardHandTest" assertions="1" time="0.000921"/>
      </testsuite>
      <testsuite name="App\Card\CardTest" file="/home/albin/dbwebb-kurser/mvc/me/report/tests/Card/CardTest.php" tests="4" assertions="7" errors="0" failures="0" skipped="0" time="0.003226">
        <testcase name="testCreateCard" file="/home/albin/dbwebb-kurser/mvc/me/report/tests/Card/CardTest.php" line="12" class="App\Card\CardTest" classname="App.Card.CardTest" assertions="1" time="0.000759"/>
        <testcase name="testSetValue" file="/home/albin/dbwebb-kurser/mvc/me/report/tests/Card/CardTest.php" line="19" class="App\Card\CardTest" classname="App.Card.CardTest" assertions="2" time="0.000806"/>
        <testcase name="testSetType" file="/home/albin/dbwebb-kurser/mvc/me/report/tests/Card/CardTest.php" line="29" class="App\Card\CardTest" classname="App.Card.CardTest" assertions="2" time="0.000840"/>
        <testcase name="testShowCard" file="/home/albin/dbwebb-kurser/mvc/me/report/tests/Card/CardTest.php" line="39" class="App\Card\CardTest" classname="App.Card.CardTest" assertions="2" time="0.000821"/>
      </testsuite>
      <testsuite name="App\Card\DeckOfCardsTest" file="/home/albin/dbwebb-kurser/mvc/me/report/tests/Card/DeckOfCardsTest.php" tests="5" assertions="267" errors="0" failures="0" skipped="0" time="0.011409">
        <testcase name="testCreateDeckOfCards" file="/home/albin/dbwebb-kurser/mvc/me/report/tests/Card/DeckOfCardsTest.php" line="12" class="App\Card\DeckOfCardsTest" classname="App.Card.DeckOfCardsTest" assertions="1" time="0.001039"/>
        <testcase name="testSetupDeck" file="/home/albin/dbwebb-kurser/mvc/me/report/tests/Card/DeckOfCardsTest.php" line="18" class="App\Card\DeckOfCardsTest" classname="App.Card.DeckOfCardsTest" assertions="261" time="0.004520"/>
        <testcase name="testRecreateDeck" file="/home/albin/dbwebb-kurser/mvc/me/report/tests/Card/DeckOfCardsTest.php" line="52" class="App\Card\DeckOfCardsTest" classname="App.Card.DeckOfCardsTest" assertions="3" time="0.002326"/>
        <testcase name="testShuffleDeck" file="/home/albin/dbwebb-kurser/mvc/me/report/tests/Card/DeckOfCardsTest.php" line="71" class="App\Card\DeckOfCardsTest" classname="App.Card.DeckOfCardsTest" assertions="1" time="0.001985"/>
        <testcase name="testDrawCard" file="/home/albin/dbwebb-kurser/mvc/me/report/tests/Card/DeckOfCardsTest.php" line="81" class="App\Card\DeckOfCardsTest" classname="App.Card.DeckOfCardsTest" assertions="1" time="0.001540"/>
      </testsuite>
      <testsuite name="App\Game\BankTest" file="/home/albin/dbwebb-kurser/mvc/me/report/tests/Game/BankTest.php" tests="2" assertions="4" errors="0" failures="0" skipped="0" time="0.002129">
        <testcase name="testCreateBank" file="/home/albin/dbwebb-kurser/mvc/me/report/tests/Game/BankTest.php" line="15" class="App\Game\BankTest" classname="App.Game.BankTest" assertions="1" time="0.001049"/>
        <testcase name="testCanIDraw" file="/home/albin/dbwebb-kurser/mvc/me/report/tests/Game/BankTest.php" line="22" class="App\Game\BankTest" classname="App.Game.BankTest" assertions="3" time="0.001079"/>
      </testsuite>
      <testsuite name="App\Game\PlayerTest" file="/home/albin/dbwebb-kurser/mvc/me/report/tests/Game/PlayerTest.php" tests="3" assertions="9" errors="0" failures="0" skipped="0" time="0.003132">
        <testcase name="testCreatePlayer" file="/home/albin/dbwebb-kurser/mvc/me/report/tests/Game/PlayerTest.php" line="15" class="App\Game\PlayerTest" classname="App.Game.PlayerTest" assertions="1" time="0.000952"/>
        <testcase name="testDraw" file="/home/albin/dbwebb-kurser/mvc/me/report/tests/Game/PlayerTest.php" line="22" class="App\Game\PlayerTest" classname="App.Game.PlayerTest" assertions="3" time="0.000884"/>
        <testcase name="testPlayerWon" file="/home/albin/dbwebb-kurser/mvc/me/report/tests/Game/PlayerTest.php" line="42" class="App\Game\PlayerTest" classname="App.Game.PlayerTest" assertions="5" time="0.001296"/>
      </testsuite>
      <testsuite name="App\Project\ProjectCardTest" file="/home/albin/dbwebb-kurser/mvc/me/report/tests/Project/ProjectCardTest.php" tests="5" assertions="11" errors="0" failures="0" skipped="0" time="0.004311">
        <testcase name="testStringConstruct" file="/home/albin/dbwebb-kurser/mvc/me/report/tests/Project/ProjectCardTest.php" line="12" class="App\Project\ProjectCardTest" classname="App.Project.ProjectCardTest" assertions="6" time="0.001153"/>
        <testcase name="testCreateCard" file="/home/albin/dbwebb-kurser/mvc/me/report/tests/Project/ProjectCardTest.php" line="24" class="App\Project\ProjectCardTest" classname="App.Project.ProjectCardTest" assertions="1" time="0.000789"/>
        <testcase name="testGetValue" file="/home/albin/dbwebb-kurser/mvc/me/report/tests/Project/ProjectCardTest.php" line="30" class="App\Project\ProjectCardTest" classname="App.Project.ProjectCardTest" assertions="1" time="0.000789"/>
        <testcase name="testGetType" file="/home/albin/dbwebb-kurser/mvc/me/report/tests/Project/ProjectCardTest.php" line="37" class="App\Project\ProjectCardTest" classname="App.Project.ProjectCardTest" assertions="1" time="0.000781"/>
        <testcase name="testGetAll" file="/home/albin/dbwebb-kurser/mvc/me/report/tests/Project/ProjectCardTest.php" line="44" class="App\Project\ProjectCardTest" classname="App.Project.ProjectCardTest" assertions="2" time="0.000799"/>
      </testsuite>
      <testsuite name="App\Project\ProjectDeckTest" file="/home/albin/dbwebb-kurser/mvc/me/report/tests/Project/ProjectDeckTest.php" tests="7" assertions="270" errors="0" failures="1" skipped="0" time="0.015298">
        <testcase name="testDups" file="/home/albin/dbwebb-kurser/mvc/me/report/tests/Project/ProjectDeckTest.php" line="10" class="App\Project\ProjectDeckTest" classname="App.Project.ProjectDeckTest" assertions="1" time="0.004047">
          <failure type="PHPUnit\Framework\ExpectationFailedException">App\Project\ProjectDeckTest::testDups
Failed asserting that App\Project\ProjectDeck Object (...) is an instance of class \App\Card\DeckOfCards.

/home/albin/dbwebb-kurser/mvc/me/report/tests/Project/ProjectDeckTest.php:15</failure>
        </testcase>
        <testcase name="testCreateDeckOfCards" file="/home/albin/dbwebb-kurser/mvc/me/report/tests/Project/ProjectDeckTest.php" line="17" class="App\Project\ProjectDeckTest" classname="App.Project.ProjectDeckTest" assertions="1" time="0.000784"/>
        <testcase name="testSetupDeck" file="/home/albin/dbwebb-kurser/mvc/me/report/tests/Project/ProjectDeckTest.php" line="23" class="App\Project\ProjectDeckTest" classname="App.Project.ProjectDeckTest" assertions="261" time="0.004391"/>
        <testcase name="testRecreateDeck" file="/home/albin/dbwebb-kurser/mvc/me/report/tests/Project/ProjectDeckTest.php" line="57" class="App\Project\ProjectDeckTest" classname="App.Project.ProjectDeckTest" assertions="3" time="0.001444"/>
        <testcase name="testRemoveNotExist" file="/home/albin/dbwebb-kurser/mvc/me/report/tests/Project/ProjectDeckTest.php" line="73" class="App\Project\ProjectDeckTest" classname="App.Project.ProjectDeckTest" assertions="1" time="0.000856"/>
        <testcase name="testShuffleDeck" file="/home/albin/dbwebb-kurser/mvc/me/report/tests/Project/ProjectDeckTest.php" line="79" class="App\Project\ProjectDeckTest" classname="App.Project.ProjectDeckTest" assertions="1" time="0.002140"/>
        <testcase name="testDrawCard" file="/home/albin/dbwebb-kurser/mvc/me/report/tests/Project/ProjectDeckTest.php" line="89" class="App\Project\ProjectDeckTest" classname="App.Project.ProjectDeckTest" assertions="2" time="0.001636"/>
      </testsuite>
      <testsuite name="App\Project\ProjectFiveHandRulesTest" file="/home/albin/dbwebb-kurser/mvc/me/report/tests/Project/ProjectFiveHandRulesTest.php" tests="22" assertions="25" errors="0" failures="0" skipped="0" time="0.026554">
        <testcase name="testFiveHandRule" file="/home/albin/dbwebb-kurser/mvc/me/report/tests/Project/ProjectFiveHandRulesTest.php" line="9" class="App\Project\ProjectFiveHandRulesTest" classname="App.Project.ProjectFiveHandRulesTest" assertions="1" time="0.001500"/>
        <testcase name="testPair" file="/home/albin/dbwebb-kurser/mvc/me/report/tests/Project/ProjectFiveHandRulesTest.php" line="27" class="App\Project\ProjectFiveHandRulesTest" classname="App.Project.ProjectFiveHandRulesTest" assertions="1" time="0.001113"/>
        <testcase name="testTwoPair" file="/home/albin/dbwebb-kurser/mvc/me/report/tests/Project/ProjectFiveHandRulesTest.php" line="41" class="App\Project\ProjectFiveHandRulesTest" classname="App.Project.ProjectFiveHandRulesTest" assertions="1" time="0.001052"/>
        <testcase name="testThreeOfAKind" file="/home/albin/dbwebb-kurser/mvc/me/report/tests/Project/ProjectFiveHandRulesTest.php" line="55" class="App\Project\ProjectFiveHandRulesTest" classname="App.Project.ProjectFiveHandRulesTest" assertions="1" time="0.001061"/>
        <testcase name="testFourOfAKind" file="/home/albin/dbwebb-kurser/mvc/me/report/tests/Project/ProjectFiveHandRulesTest.php" line="69" class="App\Project\ProjectFiveHandRulesTest" classname="App.Project.ProjectFiveHandRulesTest" assertions="1" time="0.001039"/>
        <testcase name="testStraight" file="/home/albin/dbwebb-kurser/mvc/me/report/tests/Project/ProjectFiveHandRulesTest.php" line="83" class="App\Project\ProjectFiveHandRulesTest" classname="App.Project.ProjectFiveHandRulesTest" assertions="1" time="0.001135"/>
        <testcase name="testMiddleStraight" file="/home/albin/dbwebb-kurser/mvc/me/report/tests/Project/ProjectFiveHandRulesTest.php" line="97" class="App\Project\ProjectFiveHandRulesTest" classname="App.Project.ProjectFiveHandRulesTest" assertions="1" time="0.001104"/>
        <testcase name="testHighStraight" file="/home/albin/dbwebb-kurser/mvc/me/report/tests/Project/ProjectFiveHandRulesTest.php" line="111" class="App\Project\ProjectFiveHandRulesTest" classname="App.Project.ProjectFiveHandRulesTest" assertions="1" time="0.001099"/>
        <testcase name="testFlush" file="/home/albin/dbwebb-kurser/mvc/me/report/tests/Project/ProjectFiveHandRulesTest.php" line="125" class="App\Project\ProjectFiveHandRulesTest" classname="App.Project.ProjectFiveHandRulesTest" assertions="1" time="0.001112"/>
        <testcase name="testStraightFlush" file="/home/albin/dbwebb-kurser/mvc/me/report/tests/Project/ProjectFiveHandRulesTest.php" line="139" class="App\Project\ProjectFiveHandRulesTest" classname="App.Project.ProjectFiveHandRulesTest" assertions="1" time="0.001097"/>
        <testcase name="testMiddleFlush" file="/home/albin/dbwebb-kurser/mvc/me/report/tests/Project/ProjectFiveHandRulesTest.php" line="153" class="App\Project\ProjectFiveHandRulesTest" classname="App.Project.ProjectFiveHandRulesTest" assertions="1" time="0.001124"/>
        <testcase name="testRoyalFlush" file="/home/albin/dbwebb-kurser/mvc/me/report/tests/Project/ProjectFiveHandRulesTest.php" line="167" class="App\Project\ProjectFiveHandRulesTest" classname="App.Project.ProjectFiveHandRulesTest" assertions="1" time="0.001094"/>
        <testcase name="testFullHouse" file="/home/albin/dbwebb-kurser/mvc/me/report/tests/Project/ProjectFiveHandRulesTest.php" line="181" class="App\Project\ProjectFiveHandRulesTest" classname="App.Project.ProjectFiveHandRulesTest" assertions="1" time="0.001031"/>
        <testcase name="testNoPointsHighCard" file="/home/albin/dbwebb-kurser/mvc/me/report/tests/Project/ProjectFiveHandRulesTest.php" line="195" class="App\Project\ProjectFiveHandRulesTest" classname="App.Project.ProjectFiveHandRulesTest" assertions="1" time="0.001140"/>
        <testcase name="testPairHighCard" file="/home/albin/dbwebb-kurser/mvc/me/report/tests/Project/ProjectFiveHandRulesTest.php" line="209" class="App\Project\ProjectFiveHandRulesTest" classname="App.Project.ProjectFiveHandRulesTest" assertions="1" time="0.001278"/>
        <testcase name="testThreeOfAKindHighCard" file="/home/albin/dbwebb-kurser/mvc/me/report/tests/Project/ProjectFiveHandRulesTest.php" line="226" class="App\Project\ProjectFiveHandRulesTest" classname="App.Project.ProjectFiveHandRulesTest" assertions="1" time="0.001336"/>
        <testcase name="testFourOfAKindHighCard" file="/home/albin/dbwebb-kurser/mvc/me/report/tests/Project/ProjectFiveHandRulesTest.php" line="244" class="App\Project\ProjectFiveHandRulesTest" classname="App.Project.ProjectFiveHandRulesTest" assertions="1" time="0.001383"/>
        <testcase name="testFourOfAKindHighCardLowCardLast" file="/home/albin/dbwebb-kurser/mvc/me/report/tests/Project/ProjectFiveHandRulesTest.php" line="263" class="App\Project\ProjectFiveHandRulesTest" classname="App.Project.ProjectFiveHandRulesTest" assertions="1" time="0.001416"/>
        <testcase name="testStraightHighCard" file="/home/albin/dbwebb-kurser/mvc/me/report/tests/Project/ProjectFiveHandRulesTest.php" line="282" class="App\Project\ProjectFiveHandRulesTest" classname="App.Project.ProjectFiveHandRulesTest" assertions="1" time="0.001564"/>
        <testcase name="testWinnerPairs" file="/home/albin/dbwebb-kurser/mvc/me/report/tests/Project/ProjectFiveHandRulesTest.php" line="302" class="App\Project\ProjectFiveHandRulesTest" classname="App.Project.ProjectFiveHandRulesTest" assertions="2" time="0.001285"/>
        <testcase name="testWinnerDifferentRules" file="/home/albin/dbwebb-kurser/mvc/me/report/tests/Project/ProjectFiveHandRulesTest.php" line="326" class="App\Project\ProjectFiveHandRulesTest" classname="App.Project.ProjectFiveHandRulesTest" assertions="2" time="0.001370"/>
        <testcase name="testWinnerSameRuleDifferentValues" file="/home/albin/dbwebb-kurser/mvc/me/report/tests/Project/ProjectFiveHandRulesTest.php" line="351" class="App\Project\ProjectFiveHandRulesTest" classname="App.Project.ProjectFiveHandRulesTest" assertions="2" time="0.001222"/>
      </testsuite>
      <testsuite name="App\Project\ProjectHandTest" file="/home/albin/dbwebb-kurser/mvc/me/report/tests/Project/ProjectHandTest.php" tests="5" assertions="34" errors="0" failures="0" skipped="0" time="0.005176">
        <testcase name="testCreateVisualCard" file="/home/albin/dbwebb-kurser/mvc/me/report/tests/Project/ProjectHandTest.php" line="12" class="App\Project\ProjectHandTest" classname="App.Project.ProjectHandTest" assertions="1" time="0.000799"/>
        <testcase name="testAddCards" file="/home/albin/dbwebb-kurser/mvc/me/report/tests/Project/ProjectHandTest.php" line="19" class="App\Project\ProjectHandTest" classname="App.Project.ProjectHandTest" assertions="19" time="0.001125"/>
        <testcase name="testRemoveCard" file="/home/albin/dbwebb-kurser/mvc/me/report/tests/Project/ProjectHandTest.php" line="40" class="App\Project\ProjectHandTest" classname="App.Project.ProjectHandTest" assertions="2" time="0.000895"/>
        <testcase name="testRemoveJackCard" file="/home/albin/dbwebb-kurser/mvc/me/report/tests/Project/ProjectHandTest.php" line="51" class="App\Project\ProjectHandTest" classname="App.Project.ProjectHandTest" assertions="2" time="0.000882"/>
        <testcase name="testSortCards" file="/home/albin/dbwebb-kurser/mvc/me/report/tests/Project/ProjectHandTest.php" line="62" class="App\Project\ProjectHandTest" classname="App.Project.ProjectHandTest" assertions="10" time="0.001475"/>
      </testsuite>
      <testsuite name="App\Project\VisualCardTest" file="/home/albin/dbwebb-kurser/mvc/me/report/tests/Project/VisualCardTest.php" tests="5" assertions="12" errors="0" failures="0" skipped="0" time="0.004322">
        <testcase name="testStringConstruct" file="/home/albin/dbwebb-kurser/mvc/me/report/tests/Project/VisualCardTest.php" line="12" class="App\Project\VisualCardTest" classname="App.Project.VisualCardTest" assertions="6" time="0.000935"/>
        <testcase name="testCreateCardGraphic" file="/home/albin/dbwebb-kurser/mvc/me/report/tests/Project/VisualCardTest.php" line="24" class="App\Project\VisualCardTest" classname="App.Project.VisualCardTest" assertions="1" time="0.000845"/>
        <testcase name="testSetStyle" file="/home/albin/dbwebb-kurser/mvc/me/report/tests/Project/VisualCardTest.php" line="30" class="App\Project\VisualCardTest" classname="App.Project.VisualCardTest" assertions="1" time="0.000842"/>
        <testcase name="testGetAll" file="/home/albin/dbwebb-kurser/mvc/me/report/tests/Project/VisualCardTest.php" line="36" class="App\Project\VisualCardTest" classname="App.Project.VisualCardTest" assertions="3" time="0.000866"/>
        <testcase name="testGetAsString" file="/home/albin/dbwebb-kurser/mvc/me/report/tests/Project/VisualCardTest.php" line="45" class="App\Project\VisualCardTest" classname="App.Project.VisualCardTest" assertions="1" time="0.000834"/>
      </testsuite>
    </testsuite>
  </testsuite>
</testsuites>
