<?xml version="1.0" encoding="UTF-8"?>
<testsuites>
  <testsuite name="" tests="71" assertions="669" errors="0" failures="0" skipped="0" time="0.141980">
    <testsuite name="all" tests="71" assertions="669" errors="0" failures="0" skipped="0" time="0.141980">
      <testsuite name="App\Entity\BookTest" file="/home/albin/dbwebb-kurser/mvc/me/report/tests/Book/BookTest.php" tests="6" assertions="10" errors="0" failures="0" skipped="0" time="0.021032">
        <testcase name="testCreateBook" file="/home/albin/dbwebb-kurser/mvc/me/report/tests/Book/BookTest.php" line="12" class="App\Entity\BookTest" classname="App.Entity.BookTest" assertions="1" time="0.017101"/>
        <testcase name="testId" file="/home/albin/dbwebb-kurser/mvc/me/report/tests/Book/BookTest.php" line="18" class="App\Entity\BookTest" classname="App.Entity.BookTest" assertions="1" time="0.000938"/>
        <testcase name="testTitle" file="/home/albin/dbwebb-kurser/mvc/me/report/tests/Book/BookTest.php" line="25" class="App\Entity\BookTest" classname="App.Entity.BookTest" assertions="2" time="0.000788"/>
        <testcase name="testGetSetISbn" file="/home/albin/dbwebb-kurser/mvc/me/report/tests/Book/BookTest.php" line="35" class="App\Entity\BookTest" classname="App.Entity.BookTest" assertions="2" time="0.000727"/>
        <testcase name="testGetSetAuthor" file="/home/albin/dbwebb-kurser/mvc/me/report/tests/Book/BookTest.php" line="45" class="App\Entity\BookTest" classname="App.Entity.BookTest" assertions="2" time="0.000734"/>
        <testcase name="testGetSetImg" file="/home/albin/dbwebb-kurser/mvc/me/report/tests/Book/BookTest.php" line="55" class="App\Entity\BookTest" classname="App.Entity.BookTest" assertions="2" time="0.000745"/>
      </testsuite>
      <testsuite name="App\Card\BlackjackHandTest" file="/home/albin/dbwebb-kurser/mvc/me/report/tests/Card/BlackjackHandTest.php" tests="5" assertions="6" errors="0" failures="0" skipped="0" time="0.006385">
        <testcase name="testCreateBlackjackHand" file="/home/albin/dbwebb-kurser/mvc/me/report/tests/Card/BlackjackHandTest.php" line="12" class="App\Card\BlackjackHandTest" classname="App.Card.BlackjackHandTest" assertions="1" time="0.001687"/>
        <testcase name="testPlayerWon" file="/home/albin/dbwebb-kurser/mvc/me/report/tests/Card/BlackjackHandTest.php" line="27" class="App\Card\BlackjackHandTest" classname="App.Card.BlackjackHandTest" assertions="1" time="0.001742"/>
        <testcase name="testLowerPoints" file="/home/albin/dbwebb-kurser/mvc/me/report/tests/Card/BlackjackHandTest.php" line="53" class="App\Card\BlackjackHandTest" classname="App.Card.BlackjackHandTest" assertions="2" time="0.000943"/>
        <testcase name="testGetHand" file="/home/albin/dbwebb-kurser/mvc/me/report/tests/Card/BlackjackHandTest.php" line="68" class="App\Card\BlackjackHandTest" classname="App.Card.BlackjackHandTest" assertions="1" time="0.000828"/>
        <testcase name="testMerge" file="/home/albin/dbwebb-kurser/mvc/me/report/tests/Card/BlackjackHandTest.php" line="84" class="App\Card\BlackjackHandTest" classname="App.Card.BlackjackHandTest" assertions="1" time="0.001185"/>
      </testsuite>
      <testsuite name="App\Card\CardGraphicTest" file="/home/albin/dbwebb-kurser/mvc/me/report/tests/Card/CardGraphicTest.php" tests="3" assertions="7" errors="0" failures="0" skipped="0" time="0.002494">
        <testcase name="testCreateCardGraphic" file="/home/albin/dbwebb-kurser/mvc/me/report/tests/Card/CardGraphicTest.php" line="12" class="App\Card\CardGraphicTest" classname="App.Card.CardGraphicTest" assertions="1" time="0.000751"/>
        <testcase name="testSetStyle" file="/home/albin/dbwebb-kurser/mvc/me/report/tests/Card/CardGraphicTest.php" line="18" class="App\Card\CardGraphicTest" classname="App.Card.CardGraphicTest" assertions="3" time="0.000785"/>
        <testcase name="testShowCard" file="/home/albin/dbwebb-kurser/mvc/me/report/tests/Card/CardGraphicTest.php" line="34" class="App\Card\CardGraphicTest" classname="App.Card.CardGraphicTest" assertions="3" time="0.000958"/>
      </testsuite>
      <testsuite name="App\Card\CardHandTest" file="/home/albin/dbwebb-kurser/mvc/me/report/tests/Card/CardHandTest.php" tests="3" assertions="21" errors="0" failures="0" skipped="0" time="0.002945">
        <testcase name="testCreateCardGraphic" file="/home/albin/dbwebb-kurser/mvc/me/report/tests/Card/CardHandTest.php" line="12" class="App\Card\CardHandTest" classname="App.Card.CardHandTest" assertions="1" time="0.000766"/>
        <testcase name="testAddCards" file="/home/albin/dbwebb-kurser/mvc/me/report/tests/Card/CardHandTest.php" line="19" class="App\Card\CardHandTest" classname="App.Card.CardHandTest" assertions="19" time="0.001133"/>
        <testcase name="testGetSum" file="/home/albin/dbwebb-kurser/mvc/me/report/tests/Card/CardHandTest.php" line="43" class="App\Card\CardHandTest" classname="App.Card.CardHandTest" assertions="1" time="0.001046"/>
      </testsuite>
      <testsuite name="App\Card\CardTest" file="/home/albin/dbwebb-kurser/mvc/me/report/tests/Card/CardTest.php" tests="4" assertions="7" errors="0" failures="0" skipped="0" time="0.003590">
        <testcase name="testCreateCard" file="/home/albin/dbwebb-kurser/mvc/me/report/tests/Card/CardTest.php" line="12" class="App\Card\CardTest" classname="App.Card.CardTest" assertions="1" time="0.000774"/>
        <testcase name="testSetValue" file="/home/albin/dbwebb-kurser/mvc/me/report/tests/Card/CardTest.php" line="19" class="App\Card\CardTest" classname="App.Card.CardTest" assertions="2" time="0.001098"/>
        <testcase name="testSetType" file="/home/albin/dbwebb-kurser/mvc/me/report/tests/Card/CardTest.php" line="29" class="App\Card\CardTest" classname="App.Card.CardTest" assertions="2" time="0.000946"/>
        <testcase name="testShowCard" file="/home/albin/dbwebb-kurser/mvc/me/report/tests/Card/CardTest.php" line="39" class="App\Card\CardTest" classname="App.Card.CardTest" assertions="2" time="0.000773"/>
      </testsuite>
      <testsuite name="App\Card\DeckOfCardsTest" file="/home/albin/dbwebb-kurser/mvc/me/report/tests/Card/DeckOfCardsTest.php" tests="5" assertions="267" errors="0" failures="0" skipped="0" time="0.011311">
        <testcase name="testCreateDeckOfCards" file="/home/albin/dbwebb-kurser/mvc/me/report/tests/Card/DeckOfCardsTest.php" line="12" class="App\Card\DeckOfCardsTest" classname="App.Card.DeckOfCardsTest" assertions="1" time="0.001434"/>
        <testcase name="testSetupDeck" file="/home/albin/dbwebb-kurser/mvc/me/report/tests/Card/DeckOfCardsTest.php" line="18" class="App\Card\DeckOfCardsTest" classname="App.Card.DeckOfCardsTest" assertions="261" time="0.004305"/>
        <testcase name="testRecreateDeck" file="/home/albin/dbwebb-kurser/mvc/me/report/tests/Card/DeckOfCardsTest.php" line="52" class="App\Card\DeckOfCardsTest" classname="App.Card.DeckOfCardsTest" assertions="3" time="0.002278"/>
        <testcase name="testShuffleDeck" file="/home/albin/dbwebb-kurser/mvc/me/report/tests/Card/DeckOfCardsTest.php" line="71" class="App\Card\DeckOfCardsTest" classname="App.Card.DeckOfCardsTest" assertions="1" time="0.001948"/>
        <testcase name="testDrawCard" file="/home/albin/dbwebb-kurser/mvc/me/report/tests/Card/DeckOfCardsTest.php" line="81" class="App\Card\DeckOfCardsTest" classname="App.Card.DeckOfCardsTest" assertions="1" time="0.001345"/>
      </testsuite>
      <testsuite name="App\Game\BankTest" file="/home/albin/dbwebb-kurser/mvc/me/report/tests/Game/BankTest.php" tests="2" assertions="4" errors="0" failures="0" skipped="0" time="0.002368">
        <testcase name="testCreateBank" file="/home/albin/dbwebb-kurser/mvc/me/report/tests/Game/BankTest.php" line="15" class="App\Game\BankTest" classname="App.Game.BankTest" assertions="1" time="0.001287"/>
        <testcase name="testCanIDraw" file="/home/albin/dbwebb-kurser/mvc/me/report/tests/Game/BankTest.php" line="22" class="App\Game\BankTest" classname="App.Game.BankTest" assertions="3" time="0.001081"/>
      </testsuite>
      <testsuite name="App\Game\PlayerTest" file="/home/albin/dbwebb-kurser/mvc/me/report/tests/Game/PlayerTest.php" tests="3" assertions="9" errors="0" failures="0" skipped="0" time="0.003354">
        <testcase name="testCreatePlayer" file="/home/albin/dbwebb-kurser/mvc/me/report/tests/Game/PlayerTest.php" line="15" class="App\Game\PlayerTest" classname="App.Game.PlayerTest" assertions="1" time="0.001218"/>
        <testcase name="testDraw" file="/home/albin/dbwebb-kurser/mvc/me/report/tests/Game/PlayerTest.php" line="22" class="App\Game\PlayerTest" classname="App.Game.PlayerTest" assertions="3" time="0.000851"/>
        <testcase name="testPlayerWon" file="/home/albin/dbwebb-kurser/mvc/me/report/tests/Game/PlayerTest.php" line="42" class="App\Game\PlayerTest" classname="App.Game.PlayerTest" assertions="5" time="0.001285"/>
      </testsuite>
      <testsuite name="App\Project\ProjectCardTest" file="/home/albin/dbwebb-kurser/mvc/me/report/tests/Project/ProjectCardTest.php" tests="4" assertions="5" errors="0" failures="0" skipped="0" time="0.030293">
        <testcase name="testCreateCard" file="/home/albin/dbwebb-kurser/mvc/me/report/tests/Project/ProjectCardTest.php" line="12" class="App\Project\ProjectCardTest" classname="App.Project.ProjectCardTest" assertions="1" time="0.027605"/>
        <testcase name="testGetValue" file="/home/albin/dbwebb-kurser/mvc/me/report/tests/Project/ProjectCardTest.php" line="18" class="App\Project\ProjectCardTest" classname="App.Project.ProjectCardTest" assertions="1" time="0.000861"/>
        <testcase name="testGetType" file="/home/albin/dbwebb-kurser/mvc/me/report/tests/Project/ProjectCardTest.php" line="25" class="App\Project\ProjectCardTest" classname="App.Project.ProjectCardTest" assertions="1" time="0.001054"/>
        <testcase name="testGetAll" file="/home/albin/dbwebb-kurser/mvc/me/report/tests/Project/ProjectCardTest.php" line="32" class="App\Project\ProjectCardTest" classname="App.Project.ProjectCardTest" assertions="2" time="0.000773"/>
      </testsuite>
      <testsuite name="App\Project\ProjectDeckTest" file="/home/albin/dbwebb-kurser/mvc/me/report/tests/Project/ProjectDeckTest.php" tests="6" assertions="269" errors="0" failures="0" skipped="0" time="0.021445">
        <testcase name="testCreateDeckOfCards" file="/home/albin/dbwebb-kurser/mvc/me/report/tests/Project/ProjectDeckTest.php" line="9" class="App\Project\ProjectDeckTest" classname="App.Project.ProjectDeckTest" assertions="1" time="0.001316"/>
        <testcase name="testSetupDeck" file="/home/albin/dbwebb-kurser/mvc/me/report/tests/Project/ProjectDeckTest.php" line="15" class="App\Project\ProjectDeckTest" classname="App.Project.ProjectDeckTest" assertions="261" time="0.013965"/>
        <testcase name="testRecreateDeck" file="/home/albin/dbwebb-kurser/mvc/me/report/tests/Project/ProjectDeckTest.php" line="49" class="App\Project\ProjectDeckTest" classname="App.Project.ProjectDeckTest" assertions="3" time="0.001513"/>
        <testcase name="testRemoveNotExist" file="/home/albin/dbwebb-kurser/mvc/me/report/tests/Project/ProjectDeckTest.php" line="65" class="App\Project\ProjectDeckTest" classname="App.Project.ProjectDeckTest" assertions="1" time="0.000866"/>
        <testcase name="testShuffleDeck" file="/home/albin/dbwebb-kurser/mvc/me/report/tests/Project/ProjectDeckTest.php" line="71" class="App\Project\ProjectDeckTest" classname="App.Project.ProjectDeckTest" assertions="1" time="0.002156"/>
        <testcase name="testDrawCard" file="/home/albin/dbwebb-kurser/mvc/me/report/tests/Project/ProjectDeckTest.php" line="81" class="App\Project\ProjectDeckTest" classname="App.Project.ProjectDeckTest" assertions="2" time="0.001629"/>
      </testsuite>
      <testsuite name="App\Project\ProjectFiveHandRulesTest" file="/home/albin/dbwebb-kurser/mvc/me/report/tests/Project/ProjectFiveHandRulesTest.php" tests="22" assertions="25" errors="0" failures="0" skipped="0" time="0.028703">
        <testcase name="testFiveHandRule" file="/home/albin/dbwebb-kurser/mvc/me/report/tests/Project/ProjectFiveHandRulesTest.php" line="9" class="App\Project\ProjectFiveHandRulesTest" classname="App.Project.ProjectFiveHandRulesTest" assertions="1" time="0.002028"/>
        <testcase name="testPair" file="/home/albin/dbwebb-kurser/mvc/me/report/tests/Project/ProjectFiveHandRulesTest.php" line="27" class="App\Project\ProjectFiveHandRulesTest" classname="App.Project.ProjectFiveHandRulesTest" assertions="1" time="0.001132"/>
        <testcase name="testTwoPair" file="/home/albin/dbwebb-kurser/mvc/me/report/tests/Project/ProjectFiveHandRulesTest.php" line="41" class="App\Project\ProjectFiveHandRulesTest" classname="App.Project.ProjectFiveHandRulesTest" assertions="1" time="0.001052"/>
        <testcase name="testThreeOfAKind" file="/home/albin/dbwebb-kurser/mvc/me/report/tests/Project/ProjectFiveHandRulesTest.php" line="55" class="App\Project\ProjectFiveHandRulesTest" classname="App.Project.ProjectFiveHandRulesTest" assertions="1" time="0.001035"/>
        <testcase name="testFourOfAKind" file="/home/albin/dbwebb-kurser/mvc/me/report/tests/Project/ProjectFiveHandRulesTest.php" line="69" class="App\Project\ProjectFiveHandRulesTest" classname="App.Project.ProjectFiveHandRulesTest" assertions="1" time="0.001033"/>
        <testcase name="testStraight" file="/home/albin/dbwebb-kurser/mvc/me/report/tests/Project/ProjectFiveHandRulesTest.php" line="83" class="App\Project\ProjectFiveHandRulesTest" classname="App.Project.ProjectFiveHandRulesTest" assertions="1" time="0.001161"/>
        <testcase name="testMiddleStraight" file="/home/albin/dbwebb-kurser/mvc/me/report/tests/Project/ProjectFiveHandRulesTest.php" line="97" class="App\Project\ProjectFiveHandRulesTest" classname="App.Project.ProjectFiveHandRulesTest" assertions="1" time="0.001123"/>
        <testcase name="testHighStraight" file="/home/albin/dbwebb-kurser/mvc/me/report/tests/Project/ProjectFiveHandRulesTest.php" line="111" class="App\Project\ProjectFiveHandRulesTest" classname="App.Project.ProjectFiveHandRulesTest" assertions="1" time="0.001097"/>
        <testcase name="testFlush" file="/home/albin/dbwebb-kurser/mvc/me/report/tests/Project/ProjectFiveHandRulesTest.php" line="125" class="App\Project\ProjectFiveHandRulesTest" classname="App.Project.ProjectFiveHandRulesTest" assertions="1" time="0.001090"/>
        <testcase name="testStraightFlush" file="/home/albin/dbwebb-kurser/mvc/me/report/tests/Project/ProjectFiveHandRulesTest.php" line="139" class="App\Project\ProjectFiveHandRulesTest" classname="App.Project.ProjectFiveHandRulesTest" assertions="1" time="0.001118"/>
        <testcase name="testMiddleFlush" file="/home/albin/dbwebb-kurser/mvc/me/report/tests/Project/ProjectFiveHandRulesTest.php" line="153" class="App\Project\ProjectFiveHandRulesTest" classname="App.Project.ProjectFiveHandRulesTest" assertions="1" time="0.001469"/>
        <testcase name="testRoyalFlush" file="/home/albin/dbwebb-kurser/mvc/me/report/tests/Project/ProjectFiveHandRulesTest.php" line="167" class="App\Project\ProjectFiveHandRulesTest" classname="App.Project.ProjectFiveHandRulesTest" assertions="1" time="0.001075"/>
        <testcase name="testFullHouse" file="/home/albin/dbwebb-kurser/mvc/me/report/tests/Project/ProjectFiveHandRulesTest.php" line="181" class="App\Project\ProjectFiveHandRulesTest" classname="App.Project.ProjectFiveHandRulesTest" assertions="1" time="0.001292"/>
        <testcase name="testNoPointsHighCard" file="/home/albin/dbwebb-kurser/mvc/me/report/tests/Project/ProjectFiveHandRulesTest.php" line="195" class="App\Project\ProjectFiveHandRulesTest" classname="App.Project.ProjectFiveHandRulesTest" assertions="1" time="0.001304"/>
        <testcase name="testPairHighCard" file="/home/albin/dbwebb-kurser/mvc/me/report/tests/Project/ProjectFiveHandRulesTest.php" line="209" class="App\Project\ProjectFiveHandRulesTest" classname="App.Project.ProjectFiveHandRulesTest" assertions="1" time="0.001337"/>
        <testcase name="testThreeOfAKindHighCard" file="/home/albin/dbwebb-kurser/mvc/me/report/tests/Project/ProjectFiveHandRulesTest.php" line="226" class="App\Project\ProjectFiveHandRulesTest" classname="App.Project.ProjectFiveHandRulesTest" assertions="1" time="0.001344"/>
        <testcase name="testFourOfAKindHighCard" file="/home/albin/dbwebb-kurser/mvc/me/report/tests/Project/ProjectFiveHandRulesTest.php" line="244" class="App\Project\ProjectFiveHandRulesTest" classname="App.Project.ProjectFiveHandRulesTest" assertions="1" time="0.001782"/>
        <testcase name="testFourOfAKindHighCardLowCardLast" file="/home/albin/dbwebb-kurser/mvc/me/report/tests/Project/ProjectFiveHandRulesTest.php" line="263" class="App\Project\ProjectFiveHandRulesTest" classname="App.Project.ProjectFiveHandRulesTest" assertions="1" time="0.001539"/>
        <testcase name="testStraightHighCard" file="/home/albin/dbwebb-kurser/mvc/me/report/tests/Project/ProjectFiveHandRulesTest.php" line="282" class="App\Project\ProjectFiveHandRulesTest" classname="App.Project.ProjectFiveHandRulesTest" assertions="1" time="0.001651"/>
        <testcase name="testWinnerPairs" file="/home/albin/dbwebb-kurser/mvc/me/report/tests/Project/ProjectFiveHandRulesTest.php" line="302" class="App\Project\ProjectFiveHandRulesTest" classname="App.Project.ProjectFiveHandRulesTest" assertions="2" time="0.001335"/>
        <testcase name="testWinnerDifferentRules" file="/home/albin/dbwebb-kurser/mvc/me/report/tests/Project/ProjectFiveHandRulesTest.php" line="326" class="App\Project\ProjectFiveHandRulesTest" classname="App.Project.ProjectFiveHandRulesTest" assertions="2" time="0.001497"/>
        <testcase name="testWinnerSameRuleDifferentValues" file="/home/albin/dbwebb-kurser/mvc/me/report/tests/Project/ProjectFiveHandRulesTest.php" line="351" class="App\Project\ProjectFiveHandRulesTest" classname="App.Project.ProjectFiveHandRulesTest" assertions="2" time="0.001209"/>
      </testsuite>
      <testsuite name="App\Project\ProjectHandTest" file="/home/albin/dbwebb-kurser/mvc/me/report/tests/Project/ProjectHandTest.php" tests="5" assertions="34" errors="0" failures="0" skipped="0" time="0.005561">
        <testcase name="testCreateVisualCard" file="/home/albin/dbwebb-kurser/mvc/me/report/tests/Project/ProjectHandTest.php" line="12" class="App\Project\ProjectHandTest" classname="App.Project.ProjectHandTest" assertions="1" time="0.000912"/>
        <testcase name="testAddCards" file="/home/albin/dbwebb-kurser/mvc/me/report/tests/Project/ProjectHandTest.php" line="19" class="App\Project\ProjectHandTest" classname="App.Project.ProjectHandTest" assertions="19" time="0.001322"/>
        <testcase name="testRemoveCard" file="/home/albin/dbwebb-kurser/mvc/me/report/tests/Project/ProjectHandTest.php" line="40" class="App\Project\ProjectHandTest" classname="App.Project.ProjectHandTest" assertions="2" time="0.000963"/>
        <testcase name="testRemoveJackCard" file="/home/albin/dbwebb-kurser/mvc/me/report/tests/Project/ProjectHandTest.php" line="51" class="App\Project\ProjectHandTest" classname="App.Project.ProjectHandTest" assertions="2" time="0.000884"/>
        <testcase name="testSortCards" file="/home/albin/dbwebb-kurser/mvc/me/report/tests/Project/ProjectHandTest.php" line="62" class="App\Project\ProjectHandTest" classname="App.Project.ProjectHandTest" assertions="10" time="0.001482"/>
      </testsuite>
      <testsuite name="App\Project\VisualCardTest" file="/home/albin/dbwebb-kurser/mvc/me/report/tests/Project/VisualCardTest.php" tests="3" assertions="5" errors="0" failures="0" skipped="0" time="0.002498">
        <testcase name="testCreateCardGraphic" file="/home/albin/dbwebb-kurser/mvc/me/report/tests/Project/VisualCardTest.php" line="12" class="App\Project\VisualCardTest" classname="App.Project.VisualCardTest" assertions="1" time="0.000843"/>
        <testcase name="testSetStyle" file="/home/albin/dbwebb-kurser/mvc/me/report/tests/Project/VisualCardTest.php" line="18" class="App\Project\VisualCardTest" classname="App.Project.VisualCardTest" assertions="1" time="0.000812"/>
        <testcase name="testGetAll" file="/home/albin/dbwebb-kurser/mvc/me/report/tests/Project/VisualCardTest.php" line="24" class="App\Project\VisualCardTest" classname="App.Project.VisualCardTest" assertions="3" time="0.000843"/>
      </testsuite>
    </testsuite>
  </testsuite>
</testsuites>
