<?xml version="1.0" encoding="UTF-8"?>
<testsuites>
  <testsuite name="" tests="75" assertions="683" errors="0" failures="0" skipped="0" time="0.105420">
    <testsuite name="all" tests="75" assertions="683" errors="0" failures="0" skipped="0" time="0.105420">
      <testsuite name="App\Entity\BookTest" file="/home/albin/dbwebb-kurser/mvc/me/report/tests/Book/BookTest.php" tests="6" assertions="10" errors="0" failures="0" skipped="0" time="0.020022">
        <testcase name="testCreateBook" file="/home/albin/dbwebb-kurser/mvc/me/report/tests/Book/BookTest.php" line="12" class="App\Entity\BookTest" classname="App.Entity.BookTest" assertions="1" time="0.015991"/>
        <testcase name="testId" file="/home/albin/dbwebb-kurser/mvc/me/report/tests/Book/BookTest.php" line="18" class="App\Entity\BookTest" classname="App.Entity.BookTest" assertions="1" time="0.000919"/>
        <testcase name="testTitle" file="/home/albin/dbwebb-kurser/mvc/me/report/tests/Book/BookTest.php" line="25" class="App\Entity\BookTest" classname="App.Entity.BookTest" assertions="2" time="0.000798"/>
        <testcase name="testGetSetISbn" file="/home/albin/dbwebb-kurser/mvc/me/report/tests/Book/BookTest.php" line="35" class="App\Entity\BookTest" classname="App.Entity.BookTest" assertions="2" time="0.000775"/>
        <testcase name="testGetSetAuthor" file="/home/albin/dbwebb-kurser/mvc/me/report/tests/Book/BookTest.php" line="45" class="App\Entity\BookTest" classname="App.Entity.BookTest" assertions="2" time="0.000745"/>
        <testcase name="testGetSetImg" file="/home/albin/dbwebb-kurser/mvc/me/report/tests/Book/BookTest.php" line="55" class="App\Entity\BookTest" classname="App.Entity.BookTest" assertions="2" time="0.000794"/>
      </testsuite>
      <testsuite name="App\Card\BlackjackHandTest" file="/home/albin/dbwebb-kurser/mvc/me/report/tests/Card/BlackjackHandTest.php" tests="5" assertions="6" errors="0" failures="0" skipped="0" time="0.005823">
        <testcase name="testCreateBlackjackHand" file="/home/albin/dbwebb-kurser/mvc/me/report/tests/Card/BlackjackHandTest.php" line="12" class="App\Card\BlackjackHandTest" classname="App.Card.BlackjackHandTest" assertions="1" time="0.001156"/>
        <testcase name="testPlayerWon" file="/home/albin/dbwebb-kurser/mvc/me/report/tests/Card/BlackjackHandTest.php" line="27" class="App\Card\BlackjackHandTest" classname="App.Card.BlackjackHandTest" assertions="1" time="0.001479"/>
        <testcase name="testLowerPoints" file="/home/albin/dbwebb-kurser/mvc/me/report/tests/Card/BlackjackHandTest.php" line="53" class="App\Card\BlackjackHandTest" classname="App.Card.BlackjackHandTest" assertions="2" time="0.001100"/>
        <testcase name="testGetHand" file="/home/albin/dbwebb-kurser/mvc/me/report/tests/Card/BlackjackHandTest.php" line="68" class="App\Card\BlackjackHandTest" classname="App.Card.BlackjackHandTest" assertions="1" time="0.000897"/>
        <testcase name="testMerge" file="/home/albin/dbwebb-kurser/mvc/me/report/tests/Card/BlackjackHandTest.php" line="84" class="App\Card\BlackjackHandTest" classname="App.Card.BlackjackHandTest" assertions="1" time="0.001191"/>
      </testsuite>
      <testsuite name="App\Card\CardGraphicTest" file="/home/albin/dbwebb-kurser/mvc/me/report/tests/Card/CardGraphicTest.php" tests="3" assertions="7" errors="0" failures="0" skipped="0" time="0.002547">
        <testcase name="testCreateCardGraphic" file="/home/albin/dbwebb-kurser/mvc/me/report/tests/Card/CardGraphicTest.php" line="12" class="App\Card\CardGraphicTest" classname="App.Card.CardGraphicTest" assertions="1" time="0.000832"/>
        <testcase name="testSetStyle" file="/home/albin/dbwebb-kurser/mvc/me/report/tests/Card/CardGraphicTest.php" line="18" class="App\Card\CardGraphicTest" classname="App.Card.CardGraphicTest" assertions="3" time="0.000818"/>
        <testcase name="testShowCard" file="/home/albin/dbwebb-kurser/mvc/me/report/tests/Card/CardGraphicTest.php" line="34" class="App\Card\CardGraphicTest" classname="App.Card.CardGraphicTest" assertions="3" time="0.000897"/>
      </testsuite>
      <testsuite name="App\Card\CardHandTest" file="/home/albin/dbwebb-kurser/mvc/me/report/tests/Card/CardHandTest.php" tests="3" assertions="21" errors="0" failures="0" skipped="0" time="0.002804">
        <testcase name="testCreateCardGraphic" file="/home/albin/dbwebb-kurser/mvc/me/report/tests/Card/CardHandTest.php" line="12" class="App\Card\CardHandTest" classname="App.Card.CardHandTest" assertions="1" time="0.000784"/>
        <testcase name="testAddCards" file="/home/albin/dbwebb-kurser/mvc/me/report/tests/Card/CardHandTest.php" line="19" class="App\Card\CardHandTest" classname="App.Card.CardHandTest" assertions="19" time="0.001131"/>
        <testcase name="testGetSum" file="/home/albin/dbwebb-kurser/mvc/me/report/tests/Card/CardHandTest.php" line="43" class="App\Card\CardHandTest" classname="App.Card.CardHandTest" assertions="1" time="0.000889"/>
      </testsuite>
      <testsuite name="App\Card\CardTest" file="/home/albin/dbwebb-kurser/mvc/me/report/tests/Card/CardTest.php" tests="4" assertions="7" errors="0" failures="0" skipped="0" time="0.003413">
        <testcase name="testCreateCard" file="/home/albin/dbwebb-kurser/mvc/me/report/tests/Card/CardTest.php" line="12" class="App\Card\CardTest" classname="App.Card.CardTest" assertions="1" time="0.000802"/>
        <testcase name="testSetValue" file="/home/albin/dbwebb-kurser/mvc/me/report/tests/Card/CardTest.php" line="19" class="App\Card\CardTest" classname="App.Card.CardTest" assertions="2" time="0.001045"/>
        <testcase name="testSetType" file="/home/albin/dbwebb-kurser/mvc/me/report/tests/Card/CardTest.php" line="29" class="App\Card\CardTest" classname="App.Card.CardTest" assertions="2" time="0.000780"/>
        <testcase name="testShowCard" file="/home/albin/dbwebb-kurser/mvc/me/report/tests/Card/CardTest.php" line="39" class="App\Card\CardTest" classname="App.Card.CardTest" assertions="2" time="0.000786"/>
      </testsuite>
      <testsuite name="App\Card\DeckOfCardsTest" file="/home/albin/dbwebb-kurser/mvc/me/report/tests/Card/DeckOfCardsTest.php" tests="5" assertions="267" errors="0" failures="0" skipped="0" time="0.011281">
        <testcase name="testCreateDeckOfCards" file="/home/albin/dbwebb-kurser/mvc/me/report/tests/Card/DeckOfCardsTest.php" line="12" class="App\Card\DeckOfCardsTest" classname="App.Card.DeckOfCardsTest" assertions="1" time="0.001063"/>
        <testcase name="testSetupDeck" file="/home/albin/dbwebb-kurser/mvc/me/report/tests/Card/DeckOfCardsTest.php" line="18" class="App\Card\DeckOfCardsTest" classname="App.Card.DeckOfCardsTest" assertions="261" time="0.004438"/>
        <testcase name="testRecreateDeck" file="/home/albin/dbwebb-kurser/mvc/me/report/tests/Card/DeckOfCardsTest.php" line="52" class="App\Card\DeckOfCardsTest" classname="App.Card.DeckOfCardsTest" assertions="3" time="0.002301"/>
        <testcase name="testShuffleDeck" file="/home/albin/dbwebb-kurser/mvc/me/report/tests/Card/DeckOfCardsTest.php" line="71" class="App\Card\DeckOfCardsTest" classname="App.Card.DeckOfCardsTest" assertions="1" time="0.002069"/>
        <testcase name="testDrawCard" file="/home/albin/dbwebb-kurser/mvc/me/report/tests/Card/DeckOfCardsTest.php" line="81" class="App\Card\DeckOfCardsTest" classname="App.Card.DeckOfCardsTest" assertions="1" time="0.001411"/>
      </testsuite>
      <testsuite name="App\Game\BankTest" file="/home/albin/dbwebb-kurser/mvc/me/report/tests/Game/BankTest.php" tests="2" assertions="4" errors="0" failures="0" skipped="0" time="0.002012">
        <testcase name="testCreateBank" file="/home/albin/dbwebb-kurser/mvc/me/report/tests/Game/BankTest.php" line="15" class="App\Game\BankTest" classname="App.Game.BankTest" assertions="1" time="0.000944"/>
        <testcase name="testCanIDraw" file="/home/albin/dbwebb-kurser/mvc/me/report/tests/Game/BankTest.php" line="22" class="App\Game\BankTest" classname="App.Game.BankTest" assertions="3" time="0.001068"/>
      </testsuite>
      <testsuite name="App\Game\PlayerTest" file="/home/albin/dbwebb-kurser/mvc/me/report/tests/Game/PlayerTest.php" tests="3" assertions="9" errors="0" failures="0" skipped="0" time="0.003163">
        <testcase name="testCreatePlayer" file="/home/albin/dbwebb-kurser/mvc/me/report/tests/Game/PlayerTest.php" line="15" class="App\Game\PlayerTest" classname="App.Game.PlayerTest" assertions="1" time="0.001022"/>
        <testcase name="testDraw" file="/home/albin/dbwebb-kurser/mvc/me/report/tests/Game/PlayerTest.php" line="22" class="App\Game\PlayerTest" classname="App.Game.PlayerTest" assertions="3" time="0.000848"/>
        <testcase name="testPlayerWon" file="/home/albin/dbwebb-kurser/mvc/me/report/tests/Game/PlayerTest.php" line="42" class="App\Game\PlayerTest" classname="App.Game.PlayerTest" assertions="5" time="0.001293"/>
      </testsuite>
      <testsuite name="App\Project\ProjectCardTest" file="/home/albin/dbwebb-kurser/mvc/me/report/tests/Project/ProjectCardTest.php" tests="5" assertions="11" errors="0" failures="0" skipped="0" time="0.004578">
        <testcase name="testStringConstruct" file="/home/albin/dbwebb-kurser/mvc/me/report/tests/Project/ProjectCardTest.php" line="12" class="App\Project\ProjectCardTest" classname="App.Project.ProjectCardTest" assertions="6" time="0.001239"/>
        <testcase name="testCreateCard" file="/home/albin/dbwebb-kurser/mvc/me/report/tests/Project/ProjectCardTest.php" line="24" class="App\Project\ProjectCardTest" classname="App.Project.ProjectCardTest" assertions="1" time="0.000840"/>
        <testcase name="testGetValue" file="/home/albin/dbwebb-kurser/mvc/me/report/tests/Project/ProjectCardTest.php" line="30" class="App\Project\ProjectCardTest" classname="App.Project.ProjectCardTest" assertions="1" time="0.000907"/>
        <testcase name="testGetType" file="/home/albin/dbwebb-kurser/mvc/me/report/tests/Project/ProjectCardTest.php" line="37" class="App\Project\ProjectCardTest" classname="App.Project.ProjectCardTest" assertions="1" time="0.000791"/>
        <testcase name="testGetAll" file="/home/albin/dbwebb-kurser/mvc/me/report/tests/Project/ProjectCardTest.php" line="44" class="App\Project\ProjectCardTest" classname="App.Project.ProjectCardTest" assertions="2" time="0.000800"/>
      </testsuite>
      <testsuite name="App\Project\ProjectDeckTest" file="/home/albin/dbwebb-kurser/mvc/me/report/tests/Project/ProjectDeckTest.php" tests="7" assertions="270" errors="0" failures="0" skipped="0" time="0.012716">
        <testcase name="testCreateDeckOfCards" file="/home/albin/dbwebb-kurser/mvc/me/report/tests/Project/ProjectDeckTest.php" line="10" class="App\Project\ProjectDeckTest" classname="App.Project.ProjectDeckTest" assertions="1" time="0.001112"/>
        <testcase name="testSetupDeck" file="/home/albin/dbwebb-kurser/mvc/me/report/tests/Project/ProjectDeckTest.php" line="16" class="App\Project\ProjectDeckTest" classname="App.Project.ProjectDeckTest" assertions="261" time="0.004614"/>
        <testcase name="testRecreateDeck" file="/home/albin/dbwebb-kurser/mvc/me/report/tests/Project/ProjectDeckTest.php" line="50" class="App\Project\ProjectDeckTest" classname="App.Project.ProjectDeckTest" assertions="3" time="0.001461"/>
        <testcase name="testRemoveNotExist" file="/home/albin/dbwebb-kurser/mvc/me/report/tests/Project/ProjectDeckTest.php" line="66" class="App\Project\ProjectDeckTest" classname="App.Project.ProjectDeckTest" assertions="1" time="0.000892"/>
        <testcase name="testShuffleDeck" file="/home/albin/dbwebb-kurser/mvc/me/report/tests/Project/ProjectDeckTest.php" line="72" class="App\Project\ProjectDeckTest" classname="App.Project.ProjectDeckTest" assertions="1" time="0.002145"/>
        <testcase name="testDrawCard" file="/home/albin/dbwebb-kurser/mvc/me/report/tests/Project/ProjectDeckTest.php" line="82" class="App\Project\ProjectDeckTest" classname="App.Project.ProjectDeckTest" assertions="2" time="0.001624"/>
        <testcase name="testDrawCardEmptyDeck" file="/home/albin/dbwebb-kurser/mvc/me/report/tests/Project/ProjectDeckTest.php" line="96" class="App\Project\ProjectDeckTest" classname="App.Project.ProjectDeckTest" assertions="1" time="0.000868"/>
      </testsuite>
      <testsuite name="App\Project\ProjectFiveHandRulesTest" file="/home/albin/dbwebb-kurser/mvc/me/report/tests/Project/ProjectFiveHandRulesTest.php" tests="22" assertions="25" errors="0" failures="0" skipped="0" time="0.027550">
        <testcase name="testFiveHandRule" file="/home/albin/dbwebb-kurser/mvc/me/report/tests/Project/ProjectFiveHandRulesTest.php" line="9" class="App\Project\ProjectFiveHandRulesTest" classname="App.Project.ProjectFiveHandRulesTest" assertions="1" time="0.001518"/>
        <testcase name="testPair" file="/home/albin/dbwebb-kurser/mvc/me/report/tests/Project/ProjectFiveHandRulesTest.php" line="27" class="App\Project\ProjectFiveHandRulesTest" classname="App.Project.ProjectFiveHandRulesTest" assertions="1" time="0.001100"/>
        <testcase name="testTwoPair" file="/home/albin/dbwebb-kurser/mvc/me/report/tests/Project/ProjectFiveHandRulesTest.php" line="41" class="App\Project\ProjectFiveHandRulesTest" classname="App.Project.ProjectFiveHandRulesTest" assertions="1" time="0.001066"/>
        <testcase name="testThreeOfAKind" file="/home/albin/dbwebb-kurser/mvc/me/report/tests/Project/ProjectFiveHandRulesTest.php" line="55" class="App\Project\ProjectFiveHandRulesTest" classname="App.Project.ProjectFiveHandRulesTest" assertions="1" time="0.001230"/>
        <testcase name="testFourOfAKind" file="/home/albin/dbwebb-kurser/mvc/me/report/tests/Project/ProjectFiveHandRulesTest.php" line="69" class="App\Project\ProjectFiveHandRulesTest" classname="App.Project.ProjectFiveHandRulesTest" assertions="1" time="0.001100"/>
        <testcase name="testStraight" file="/home/albin/dbwebb-kurser/mvc/me/report/tests/Project/ProjectFiveHandRulesTest.php" line="83" class="App\Project\ProjectFiveHandRulesTest" classname="App.Project.ProjectFiveHandRulesTest" assertions="1" time="0.001108"/>
        <testcase name="testMiddleStraight" file="/home/albin/dbwebb-kurser/mvc/me/report/tests/Project/ProjectFiveHandRulesTest.php" line="97" class="App\Project\ProjectFiveHandRulesTest" classname="App.Project.ProjectFiveHandRulesTest" assertions="1" time="0.001134"/>
        <testcase name="testHighStraight" file="/home/albin/dbwebb-kurser/mvc/me/report/tests/Project/ProjectFiveHandRulesTest.php" line="111" class="App\Project\ProjectFiveHandRulesTest" classname="App.Project.ProjectFiveHandRulesTest" assertions="1" time="0.001181"/>
        <testcase name="testFlush" file="/home/albin/dbwebb-kurser/mvc/me/report/tests/Project/ProjectFiveHandRulesTest.php" line="125" class="App\Project\ProjectFiveHandRulesTest" classname="App.Project.ProjectFiveHandRulesTest" assertions="1" time="0.001121"/>
        <testcase name="testStraightFlush" file="/home/albin/dbwebb-kurser/mvc/me/report/tests/Project/ProjectFiveHandRulesTest.php" line="139" class="App\Project\ProjectFiveHandRulesTest" classname="App.Project.ProjectFiveHandRulesTest" assertions="1" time="0.001137"/>
        <testcase name="testMiddleFlush" file="/home/albin/dbwebb-kurser/mvc/me/report/tests/Project/ProjectFiveHandRulesTest.php" line="153" class="App\Project\ProjectFiveHandRulesTest" classname="App.Project.ProjectFiveHandRulesTest" assertions="1" time="0.001152"/>
        <testcase name="testRoyalFlush" file="/home/albin/dbwebb-kurser/mvc/me/report/tests/Project/ProjectFiveHandRulesTest.php" line="167" class="App\Project\ProjectFiveHandRulesTest" classname="App.Project.ProjectFiveHandRulesTest" assertions="1" time="0.001100"/>
        <testcase name="testFullHouse" file="/home/albin/dbwebb-kurser/mvc/me/report/tests/Project/ProjectFiveHandRulesTest.php" line="181" class="App\Project\ProjectFiveHandRulesTest" classname="App.Project.ProjectFiveHandRulesTest" assertions="1" time="0.001189"/>
        <testcase name="testNoPointsHighCard" file="/home/albin/dbwebb-kurser/mvc/me/report/tests/Project/ProjectFiveHandRulesTest.php" line="195" class="App\Project\ProjectFiveHandRulesTest" classname="App.Project.ProjectFiveHandRulesTest" assertions="1" time="0.001150"/>
        <testcase name="testPairHighCard" file="/home/albin/dbwebb-kurser/mvc/me/report/tests/Project/ProjectFiveHandRulesTest.php" line="209" class="App\Project\ProjectFiveHandRulesTest" classname="App.Project.ProjectFiveHandRulesTest" assertions="1" time="0.001343"/>
        <testcase name="testThreeOfAKindHighCard" file="/home/albin/dbwebb-kurser/mvc/me/report/tests/Project/ProjectFiveHandRulesTest.php" line="226" class="App\Project\ProjectFiveHandRulesTest" classname="App.Project.ProjectFiveHandRulesTest" assertions="1" time="0.001333"/>
        <testcase name="testFourOfAKindHighCard" file="/home/albin/dbwebb-kurser/mvc/me/report/tests/Project/ProjectFiveHandRulesTest.php" line="244" class="App\Project\ProjectFiveHandRulesTest" classname="App.Project.ProjectFiveHandRulesTest" assertions="1" time="0.001383"/>
        <testcase name="testFourOfAKindHighCardLowCardLast" file="/home/albin/dbwebb-kurser/mvc/me/report/tests/Project/ProjectFiveHandRulesTest.php" line="263" class="App\Project\ProjectFiveHandRulesTest" classname="App.Project.ProjectFiveHandRulesTest" assertions="1" time="0.001409"/>
        <testcase name="testStraightHighCard" file="/home/albin/dbwebb-kurser/mvc/me/report/tests/Project/ProjectFiveHandRulesTest.php" line="282" class="App\Project\ProjectFiveHandRulesTest" classname="App.Project.ProjectFiveHandRulesTest" assertions="1" time="0.001522"/>
        <testcase name="testWinnerPairs" file="/home/albin/dbwebb-kurser/mvc/me/report/tests/Project/ProjectFiveHandRulesTest.php" line="302" class="App\Project\ProjectFiveHandRulesTest" classname="App.Project.ProjectFiveHandRulesTest" assertions="2" time="0.001245"/>
        <testcase name="testWinnerDifferentRules" file="/home/albin/dbwebb-kurser/mvc/me/report/tests/Project/ProjectFiveHandRulesTest.php" line="326" class="App\Project\ProjectFiveHandRulesTest" classname="App.Project.ProjectFiveHandRulesTest" assertions="2" time="0.001736"/>
        <testcase name="testWinnerSameRuleDifferentValues" file="/home/albin/dbwebb-kurser/mvc/me/report/tests/Project/ProjectFiveHandRulesTest.php" line="351" class="App\Project\ProjectFiveHandRulesTest" classname="App.Project.ProjectFiveHandRulesTest" assertions="2" time="0.001293"/>
      </testsuite>
      <testsuite name="App\Project\ProjectHandTest" file="/home/albin/dbwebb-kurser/mvc/me/report/tests/Project/ProjectHandTest.php" tests="5" assertions="34" errors="0" failures="0" skipped="0" time="0.005220">
        <testcase name="testCreateVisualCard" file="/home/albin/dbwebb-kurser/mvc/me/report/tests/Project/ProjectHandTest.php" line="12" class="App\Project\ProjectHandTest" classname="App.Project.ProjectHandTest" assertions="1" time="0.000804"/>
        <testcase name="testAddCards" file="/home/albin/dbwebb-kurser/mvc/me/report/tests/Project/ProjectHandTest.php" line="19" class="App\Project\ProjectHandTest" classname="App.Project.ProjectHandTest" assertions="19" time="0.001133"/>
        <testcase name="testRemoveCard" file="/home/albin/dbwebb-kurser/mvc/me/report/tests/Project/ProjectHandTest.php" line="40" class="App\Project\ProjectHandTest" classname="App.Project.ProjectHandTest" assertions="2" time="0.000884"/>
        <testcase name="testRemoveJackCard" file="/home/albin/dbwebb-kurser/mvc/me/report/tests/Project/ProjectHandTest.php" line="51" class="App\Project\ProjectHandTest" classname="App.Project.ProjectHandTest" assertions="2" time="0.000883"/>
        <testcase name="testSortCards" file="/home/albin/dbwebb-kurser/mvc/me/report/tests/Project/ProjectHandTest.php" line="62" class="App\Project\ProjectHandTest" classname="App.Project.ProjectHandTest" assertions="10" time="0.001514"/>
      </testsuite>
      <testsuite name="App\Project\VisualCardTest" file="/home/albin/dbwebb-kurser/mvc/me/report/tests/Project/VisualCardTest.php" tests="5" assertions="12" errors="0" failures="0" skipped="0" time="0.004293">
        <testcase name="testStringConstruct" file="/home/albin/dbwebb-kurser/mvc/me/report/tests/Project/VisualCardTest.php" line="12" class="App\Project\VisualCardTest" classname="App.Project.VisualCardTest" assertions="6" time="0.000926"/>
        <testcase name="testCreateCardGraphic" file="/home/albin/dbwebb-kurser/mvc/me/report/tests/Project/VisualCardTest.php" line="24" class="App\Project\VisualCardTest" classname="App.Project.VisualCardTest" assertions="1" time="0.000831"/>
        <testcase name="testSetStyle" file="/home/albin/dbwebb-kurser/mvc/me/report/tests/Project/VisualCardTest.php" line="30" class="App\Project\VisualCardTest" classname="App.Project.VisualCardTest" assertions="1" time="0.000848"/>
        <testcase name="testGetAll" file="/home/albin/dbwebb-kurser/mvc/me/report/tests/Project/VisualCardTest.php" line="36" class="App\Project\VisualCardTest" classname="App.Project.VisualCardTest" assertions="3" time="0.000856"/>
        <testcase name="testGetAsString" file="/home/albin/dbwebb-kurser/mvc/me/report/tests/Project/VisualCardTest.php" line="45" class="App\Project\VisualCardTest" classname="App.Project.VisualCardTest" assertions="1" time="0.000831"/>
      </testsuite>
    </testsuite>
  </testsuite>
</testsuites>
